<?xml version="1.0" encoding="UTF-8"?>
<testng-results ignored="0" total="1" passed="1" failed="0" skipped="0">
  <reporter-output>
  </reporter-output>
  <suite started-at="2022-05-16T19:38:52 IST" name="Default suite" finished-at="2022-05-16T19:38:55 IST" duration-ms="2782">
    <groups>
    </groups>
    <test started-at="2022-05-16T19:38:52 IST" name="Default test" finished-at="2022-05-16T19:38:55 IST" duration-ms="2782">
      <class name="FunctionalTesting.InterviewerRegister">
        <test-method is-config="true" signature="launchBrowser()[pri:0, instance:FunctionalTesting.InterviewerRegister@53fdffa1]" started-at="2022-05-16T19:38:52 IST" name="launchBrowser" finished-at="2022-05-16T19:38:55 IST" duration-ms="2149" status="PASS">
          <reporter-output>
          </reporter-output>
        </test-method> <!-- launchBrowser -->
        <test-method signature="Register()[pri:0, instance:FunctionalTesting.InterviewerRegister@53fdffa1]" started-at="2022-05-16T19:38:55 IST" name="Register" finished-at="2022-05-16T19:38:55 IST" duration-ms="544" status="PASS">
          <reporter-output>
          </reporter-output>
        </test-method> <!-- Register -->
        <test-method is-config="true" signature="exit()[pri:0, instance:FunctionalTesting.InterviewerRegister@53fdffa1]" started-at="2022-05-16T19:38:55 IST" name="exit" finished-at="2022-05-16T19:38:55 IST" duration-ms="66" status="PASS">
          <reporter-output>
          </reporter-output>
        </test-method> <!-- exit -->
      </class> <!-- FunctionalTesting.InterviewerRegister -->
    </test> <!-- Default test -->
  </suite> <!-- Default suite -->
</testng-results>
